app/build/intermediates/manifest_merge_blame_file/debug/manifest-merger-blame-debug-report.txt
1<?xml version="1.0" encoding="utf-8"?>
2<manifest xmlns:android="http://schemas.android.com/apk/res/android"
3    package="com.utkarshnew.android"
4    android:versionCode="145"
5    android:versionName="4.4.39" >
6
7    <uses-sdk
8        android:minSdkVersion="23"
8-->src\main\AndroidManifest.xml
9        android:targetSdkVersion="31" />
9-->src\main\AndroidManifest.xml
10
11    <uses-permission android:name="android.permission.WAKE_LOCK" />
11-->src\main\AndroidManifest.xml:6:5-68
11-->src\main\AndroidManifest.xml:6:22-65
12    <uses-permission android:name="android.permission.ACCESS_WIFI_STATE" />
12-->src\main\AndroidManifest.xml:7:5-76
12-->src\main\AndroidManifest.xml:7:22-73
13    <uses-permission android:name="android.permission.CHANGE_NETWORK_STATE" />
13-->src\main\AndroidManifest.xml:8:5-79
13-->src\main\AndroidManifest.xml:8:22-76
14    <uses-permission android:name="android.permission.ACCESS_COARSE_LOCATION" />
14-->src\main\AndroidManifest.xml:9:5-81
14-->src\main\AndroidManifest.xml:9:22-78
15    <uses-permission android:name="android.permission.ACCESS_FINE_LOCATION" />
15-->src\main\AndroidManifest.xml:10:5-79
15-->src\main\AndroidManifest.xml:10:22-76
16    <uses-permission android:name="android.permission.ACCESS_DOWNLOAD_MANAGER" />
16-->src\main\AndroidManifest.xml:11:5-82
16-->src\main\AndroidManifest.xml:11:22-79
17    <uses-permission android:name="android.permission.READ_EXTERNAL_STORAGE" />
17-->src\main\AndroidManifest.xml:12:5-80
17-->src\main\AndroidManifest.xml:12:22-77
18    <uses-permission android:name="android.permission.INTERNET" />
18-->src\main\AndroidManifest.xml:13:5-67
18-->src\main\AndroidManifest.xml:13:22-64
19    <uses-permission android:name="android.permission.CAMERA" />
19-->src\main\AndroidManifest.xml:14:5-65
19-->src\main\AndroidManifest.xml:14:22-62
20    <uses-permission android:name="android.permission.KILL_BACKGROUND_PROCESSES" />
20-->src\main\AndroidManifest.xml:15:5-84
20-->src\main\AndroidManifest.xml:15:22-81
21    <uses-permission android:name="android.permission.FOREGROUND_SERVICE" />
21-->src\main\AndroidManifest.xml:16:5-77
21-->src\main\AndroidManifest.xml:16:22-74
22    <uses-permission android:name="android.permission.GET_TASKS" />
22-->src\main\AndroidManifest.xml:17:5-68
22-->src\main\AndroidManifest.xml:17:22-65
23
24    <supports-screens
24-->src\main\AndroidManifest.xml:19:5-25:40
25        android:anyDensity="true"
25-->src\main\AndroidManifest.xml:20:9-34
26        android:largeScreens="true"
26-->src\main\AndroidManifest.xml:21:9-36
27        android:normalScreens="true"
27-->src\main\AndroidManifest.xml:22:9-37
28        android:resizeable="true"
28-->src\main\AndroidManifest.xml:23:9-34
29        android:smallScreens="true"
29-->src\main\AndroidManifest.xml:24:9-36
30        android:xlargeScreens="true" />
30-->src\main\AndroidManifest.xml:25:9-37
31
32    <uses-permission android:name="android.permission.WRITE_EXTERNAL_STORAGE" />
32-->[PallyconWVMSDK.aar] AndroidManifest.xml:12:5-81
32-->[PallyconWVMSDK.aar] AndroidManifest.xml:12:22-78
33    <uses-permission android:name="android.permission.READ_PHONE_STATE" />
33-->[PallyconWVMSDK.aar] AndroidManifest.xml:13:5-75
33-->[PallyconWVMSDK.aar] AndroidManifest.xml:13:22-72
34    <uses-permission android:name="android.permission.ACCESS_NETWORK_STATE" />
34-->[PallyconWVMSDK.aar] AndroidManifest.xml:15:5-79
34-->[PallyconWVMSDK.aar] AndroidManifest.xml:15:22-76
35    <uses-permission android:name="android.permission.CHANGE_WIFI_STATE" /> <!-- for android -->
35-->[PallyconWVMSDK.aar] AndroidManifest.xml:16:5-76
35-->[PallyconWVMSDK.aar] AndroidManifest.xml:16:22-73
36    <!-- <uses-permission android:name="com.android.launcher.permission.READ_SETTINGS"/> -->
37    <!-- <uses-permission android:name="com.android.launcher.permission.WRITE_SETTINGS"/> -->
38    <!-- <uses-permission android:name="com.android.launcher.permission.INSTALL_SHORTCUT" /> -->
39    <!-- <uses-permission android:name="com.android.launcher.permission.UNINSTALL_SHORTCUT" /> -->
40    <!-- for Samsung -->
41    <uses-permission android:name="com.sec.android.provider.badge.permission.READ" />
41-->[me.leolin:ShortcutBadger:1.1.18] AndroidManifest.xml:19:5-86
41-->[me.leolin:ShortcutBadger:1.1.18] AndroidManifest.xml:19:22-83
42    <uses-permission android:name="com.sec.android.provider.badge.permission.WRITE" /> <!-- for htc -->
42-->[me.leolin:ShortcutBadger:1.1.18] AndroidManifest.xml:20:5-87
42-->[me.leolin:ShortcutBadger:1.1.18] AndroidManifest.xml:20:22-84
43    <uses-permission android:name="com.htc.launcher.permission.READ_SETTINGS" />
43-->[me.leolin:ShortcutBadger:1.1.18] AndroidManifest.xml:23:5-81
43-->[me.leolin:ShortcutBadger:1.1.18] AndroidManifest.xml:23:22-78
44    <uses-permission android:name="com.htc.launcher.permission.UPDATE_SHORTCUT" /> <!-- for sony -->
44-->[me.leolin:ShortcutBadger:1.1.18] AndroidManifest.xml:24:5-83
44-->[me.leolin:ShortcutBadger:1.1.18] AndroidManifest.xml:24:22-80
45    <uses-permission android:name="com.sonyericsson.home.permission.BROADCAST_BADGE" />
45-->[me.leolin:ShortcutBadger:1.1.18] AndroidManifest.xml:27:5-88
45-->[me.leolin:ShortcutBadger:1.1.18] AndroidManifest.xml:27:22-85
46    <uses-permission android:name="com.sonymobile.home.permission.PROVIDER_INSERT_BADGE" /> <!-- for apex -->
46-->[me.leolin:ShortcutBadger:1.1.18] AndroidManifest.xml:28:5-92
46-->[me.leolin:ShortcutBadger:1.1.18] AndroidManifest.xml:28:22-89
47    <uses-permission android:name="com.anddoes.launcher.permission.UPDATE_COUNT" /> <!-- for solid -->
47-->[me.leolin:ShortcutBadger:1.1.18] AndroidManifest.xml:31:5-84
47-->[me.leolin:ShortcutBadger:1.1.18] AndroidManifest.xml:31:22-81
48    <uses-permission android:name="com.majeur.launcher.permission.UPDATE_BADGE" /> <!-- for huawei -->
48-->[me.leolin:ShortcutBadger:1.1.18] AndroidManifest.xml:34:5-83
48-->[me.leolin:ShortcutBadger:1.1.18] AndroidManifest.xml:34:22-80
49    <uses-permission android:name="com.huawei.android.launcher.permission.CHANGE_BADGE" />
49-->[me.leolin:ShortcutBadger:1.1.18] AndroidManifest.xml:37:5-91
49-->[me.leolin:ShortcutBadger:1.1.18] AndroidManifest.xml:37:22-88
50    <uses-permission android:name="com.huawei.android.launcher.permission.READ_SETTINGS" />
50-->[me.leolin:ShortcutBadger:1.1.18] AndroidManifest.xml:38:5-92
50-->[me.leolin:ShortcutBadger:1.1.18] AndroidManifest.xml:38:22-89
51    <uses-permission android:name="com.huawei.android.launcher.permission.WRITE_SETTINGS" /> <!-- for ZUK -->
51-->[me.leolin:ShortcutBadger:1.1.18] AndroidManifest.xml:39:5-93
51-->[me.leolin:ShortcutBadger:1.1.18] AndroidManifest.xml:39:22-90
52    <uses-permission android:name="android.permission.READ_APP_BADGE" /> <!-- for OPPO -->
52-->[me.leolin:ShortcutBadger:1.1.18] AndroidManifest.xml:42:5-73
52-->[me.leolin:ShortcutBadger:1.1.18] AndroidManifest.xml:42:22-70
53    <uses-permission android:name="com.oppo.launcher.permission.READ_SETTINGS" />
53-->[me.leolin:ShortcutBadger:1.1.18] AndroidManifest.xml:45:5-82
53-->[me.leolin:ShortcutBadger:1.1.18] AndroidManifest.xml:45:22-79
54    <uses-permission android:name="com.oppo.launcher.permission.WRITE_SETTINGS" /> <!-- for EvMe -->
54-->[me.leolin:ShortcutBadger:1.1.18] AndroidManifest.xml:46:5-83
54-->[me.leolin:ShortcutBadger:1.1.18] AndroidManifest.xml:46:22-80
55    <uses-permission android:name="me.everything.badger.permission.BADGE_COUNT_READ" />
55-->[me.leolin:ShortcutBadger:1.1.18] AndroidManifest.xml:49:5-88
55-->[me.leolin:ShortcutBadger:1.1.18] AndroidManifest.xml:49:22-85
56    <uses-permission android:name="me.everything.badger.permission.BADGE_COUNT_WRITE" /> <!-- Required permission to check licensing. -->
56-->[me.leolin:ShortcutBadger:1.1.18] AndroidManifest.xml:50:5-89
56-->[me.leolin:ShortcutBadger:1.1.18] AndroidManifest.xml:50:22-86
57    <uses-permission android:name="com.android.vending.CHECK_LICENSE" /> <!-- Required by older versions of Google Play services to create IID tokens -->
57-->[:lvl_library] AndroidManifest.xml:25:5-73
57-->[:lvl_library] AndroidManifest.xml:25:22-70
58    <uses-permission android:name="com.google.android.c2dm.permission.RECEIVE" />
58-->[com.google.firebase:firebase-iid:20.3.0] AndroidManifest.xml:26:5-82
58-->[com.google.firebase:firebase-iid:20.3.0] AndroidManifest.xml:26:22-79
59
60    <uses-feature
60-->[com.google.android.gms:play-services-maps:17.0.0] AndroidManifest.xml:26:5-28:35
61        android:glEsVersion="0x00020000"
61-->[com.google.android.gms:play-services-maps:17.0.0] AndroidManifest.xml:27:9-41
62        android:required="true" />
62-->[com.google.android.gms:play-services-maps:17.0.0] AndroidManifest.xml:28:9-32
63
64    <uses-permission android:name="com.google.android.finsky.permission.BIND_GET_INSTALL_REFERRER_SERVICE" />
64-->[com.google.android.gms:play-services-measurement:20.1.1] AndroidManifest.xml:26:5-110
64-->[com.google.android.gms:play-services-measurement:20.1.1] AndroidManifest.xml:26:22-107
65    <uses-permission android:name="com.google.android.gms.permission.AD_ID" />
65-->[com.google.android.gms:play-services-measurement-api:20.1.1] AndroidManifest.xml:25:5-79
65-->[com.google.android.gms:play-services-measurement-api:20.1.1] AndroidManifest.xml:25:22-76
66
67    <application
67-->src\main\AndroidManifest.xml:27:5-721:19
68        android:name="com.utkarshnew.android.Utils.MakeMyExam"
68-->src\main\AndroidManifest.xml:28:9-41
69        android:allowBackup="false"
69-->src\main\AndroidManifest.xml:29:9-36
70        android:appComponentFactory="whateverString"
70-->src\main\AndroidManifest.xml:30:9-53
71        android:debuggable="true"
72        android:extractNativeLibs="false"
73        android:hardwareAccelerated="true"
73-->src\main\AndroidManifest.xml:31:9-43
74        android:icon="@mipmap/ic_launcher"
74-->src\main\AndroidManifest.xml:32:9-43
75        android:label="@string/app_name"
75-->src\main\AndroidManifest.xml:33:9-41
76        android:largeHeap="true"
76-->src\main\AndroidManifest.xml:34:9-33
77        android:requestLegacyExternalStorage="true"
77-->src\main\AndroidManifest.xml:35:9-52
78        android:roundIcon="@mipmap/ic_launcher_round"
78-->src\main\AndroidManifest.xml:36:9-54
79        android:supportsRtl="true"
79-->src\main\AndroidManifest.xml:37:9-35
80        android:testOnly="true"
81        android:theme="@style/AppThemeOwn"
81-->src\main\AndroidManifest.xml:38:9-43
82        android:usesCleartextTraffic="true" >
82-->src\main\AndroidManifest.xml:39:9-44
83        <activity
83-->src\main\AndroidManifest.xml:42:9-49:15
84            android:name="com.utkarshnew.android.Login.Activity.LoginWithOtp"
84-->src\main\AndroidManifest.xml:43:13-56
85            android:exported="false"
85-->src\main\AndroidManifest.xml:44:13-37
86            android:screenOrientation="portrait"
86-->src\main\AndroidManifest.xml:45:13-49
87            android:theme="@style/customThemeForSigninActivity"
87-->src\main\AndroidManifest.xml:46:13-64
88            android:windowSoftInputMode="adjustResize" />
88-->src\main\AndroidManifest.xml:47:13-55
89        <activity
89-->src\main\AndroidManifest.xml:51:9-56:52
90            android:name="com.utkarshnew.android.feeds.activity.FeedDetails"
90-->src\main\AndroidManifest.xml:52:13-55
91            android:alwaysRetainTaskState="true"
91-->src\main\AndroidManifest.xml:53:13-49
92            android:configChanges="keyboard|keyboardHidden|orientation|screenSize|screenLayout|smallestScreenSize|uiMode"
92-->src\main\AndroidManifest.xml:54:13-122
93            android:exported="false"
93-->src\main\AndroidManifest.xml:55:13-37
94            android:screenOrientation="portrait" />
94-->src\main\AndroidManifest.xml:56:13-49
95        <activity
95-->src\main\AndroidManifest.xml:58:9-63:52
96            android:name="com.utkarshnew.android.feeds.activity.PinnedPostActivity"
96-->src\main\AndroidManifest.xml:59:13-62
97            android:alwaysRetainTaskState="true"
97-->src\main\AndroidManifest.xml:60:13-49
98            android:configChanges="keyboard|keyboardHidden|orientation|screenSize|screenLayout|smallestScreenSize|uiMode"
98-->src\main\AndroidManifest.xml:61:13-122
99            android:exported="false"
99-->src\main\AndroidManifest.xml:62:13-37
100            android:screenOrientation="portrait" />
100-->src\main\AndroidManifest.xml:63:13-49
101        <activity
101-->src\main\AndroidManifest.xml:65:9-69:40
102            android:name="com.utkarshnew.android.purchasehistory.PurchaseHistoryDetail"
102-->src\main\AndroidManifest.xml:66:13-66
103            android:alwaysRetainTaskState="true"
103-->src\main\AndroidManifest.xml:67:13-49
104            android:configChanges="keyboard|keyboardHidden|orientation|screenSize|screenLayout|smallestScreenSize|uiMode"
104-->src\main\AndroidManifest.xml:68:13-122
105            android:exported="false" />
105-->src\main\AndroidManifest.xml:69:13-37
106        <activity
106-->src\main\AndroidManifest.xml:71:9-76:52
107            android:name="com.utkarshnew.android.feeds.activity.FeedVideoPlayer"
107-->src\main\AndroidManifest.xml:72:13-59
108            android:alwaysRetainTaskState="true"
108-->src\main\AndroidManifest.xml:73:13-49
109            android:configChanges="keyboard|keyboardHidden|orientation|screenSize|screenLayout|smallestScreenSize|uiMode"
109-->src\main\AndroidManifest.xml:74:13-122
110            android:exported="false"
110-->src\main\AndroidManifest.xml:75:13-37
111            android:screenOrientation="portrait" />
111-->src\main\AndroidManifest.xml:76:13-49
112        <activity
112-->src\main\AndroidManifest.xml:78:9-83:52
113            android:name="com.utkarshnew.android.Intro.Activity.IntroActivity"
113-->src\main\AndroidManifest.xml:79:13-57
114            android:alwaysRetainTaskState="true"
114-->src\main\AndroidManifest.xml:80:13-49
115            android:configChanges="keyboard|keyboardHidden|orientation|screenSize|screenLayout|smallestScreenSize|uiMode"
115-->src\main\AndroidManifest.xml:81:13-122
116            android:exported="false"
116-->src\main\AndroidManifest.xml:82:13-37
117            android:screenOrientation="portrait" />
117-->src\main\AndroidManifest.xml:83:13-49
118        <activity
118-->src\main\AndroidManifest.xml:84:9-89:52
119            android:name="com.utkarshnew.android.feeds.activity.FeedsActivity"
119-->src\main\AndroidManifest.xml:85:13-57
120            android:alwaysRetainTaskState="true"
120-->src\main\AndroidManifest.xml:86:13-49
121            android:configChanges="keyboard|keyboardHidden|orientation|screenSize|screenLayout|smallestScreenSize|uiMode"
121-->src\main\AndroidManifest.xml:87:13-122
122            android:exported="false"
122-->src\main\AndroidManifest.xml:88:13-37
123            android:screenOrientation="portrait" />
123-->src\main\AndroidManifest.xml:89:13-49
124        <activity
124-->src\main\AndroidManifest.xml:90:9-94:52
125            android:name="com.utkarshnew.android.Coupon.Activity.CouponPurchaseActivity"
125-->src\main\AndroidManifest.xml:91:13-67
126            android:alwaysRetainTaskState="true"
126-->src\main\AndroidManifest.xml:92:13-49
127            android:exported="false"
127-->src\main\AndroidManifest.xml:93:13-37
128            android:screenOrientation="portrait" />
128-->src\main\AndroidManifest.xml:94:13-49
129        <activity
129-->src\main\AndroidManifest.xml:95:9-99:52
130            android:name="com.utkarshnew.android.Coupon.Activity.EligibleCoursesActivity"
130-->src\main\AndroidManifest.xml:96:13-68
131            android:alwaysRetainTaskState="true"
131-->src\main\AndroidManifest.xml:97:13-49
132            android:exported="false"
132-->src\main\AndroidManifest.xml:98:13-37
133            android:screenOrientation="portrait" />
133-->src\main\AndroidManifest.xml:99:13-49
134        <activity
134-->src\main\AndroidManifest.xml:100:9-104:52
135            android:name="com.utkarshnew.android.Coupon.Activity.CouponActivity"
135-->src\main\AndroidManifest.xml:101:13-59
136            android:alwaysRetainTaskState="true"
136-->src\main\AndroidManifest.xml:102:13-49
137            android:exported="false"
137-->src\main\AndroidManifest.xml:103:13-37
138            android:screenOrientation="portrait" />
138-->src\main\AndroidManifest.xml:104:13-49
139        <activity
139-->src\main\AndroidManifest.xml:105:9-110:52
140            android:name="com.utkarshnew.android.testmodule.activity.TestSubmissionActivity"
140-->src\main\AndroidManifest.xml:106:13-71
141            android:alwaysRetainTaskState="true"
141-->src\main\AndroidManifest.xml:107:13-49
142            android:configChanges="keyboard|keyboardHidden|screenLayout|screenSize|orientation"
142-->src\main\AndroidManifest.xml:108:13-96
143            android:exported="false"
143-->src\main\AndroidManifest.xml:109:13-37
144            android:screenOrientation="portrait" />
144-->src\main\AndroidManifest.xml:110:13-49
145        <activity
145-->src\main\AndroidManifest.xml:111:9-115:59
146            android:name="com.utkarshnew.android.Player.CustommediaPlayerDialog"
146-->src\main\AndroidManifest.xml:112:13-59
147            android:exported="true"
147-->src\main\AndroidManifest.xml:113:13-36
148            android:screenOrientation="portrait"
148-->src\main\AndroidManifest.xml:114:13-49
149            android:theme="@android:style/Theme.Dialog" />
149-->src\main\AndroidManifest.xml:115:13-56
150        <activity
150-->src\main\AndroidManifest.xml:116:9-119:52
151            android:name="com.utkarshnew.android.Notification.NotificationDescription"
151-->src\main\AndroidManifest.xml:117:13-65
152            android:exported="false"
152-->src\main\AndroidManifest.xml:118:13-37
153            android:screenOrientation="portrait" /> <!-- <receiver android:name=".Utils.Service.MyFirebaseMessagingService$CancelNotification"/> -->
153-->src\main\AndroidManifest.xml:119:13-49
154        <activity
154-->src\main\AndroidManifest.xml:120:9-149:20
155            android:name="com.utkarshnew.android.Login.Activity.SplashScreen"
155-->src\main\AndroidManifest.xml:121:13-56
156            android:alwaysRetainTaskState="true"
156-->src\main\AndroidManifest.xml:122:13-49
157            android:exported="true"
157-->src\main\AndroidManifest.xml:123:13-36
158            android:screenOrientation="portrait"
158-->src\main\AndroidManifest.xml:124:13-49
159            android:theme="@style/AppTheme.SplashTheme" >
159-->src\main\AndroidManifest.xml:125:13-56
160            <intent-filter>
160-->src\main\AndroidManifest.xml:127:13-131:29
161                <action android:name="android.intent.action.MAIN" />
161-->src\main\AndroidManifest.xml:128:17-69
161-->src\main\AndroidManifest.xml:128:25-66
162
163                <category android:name="android.intent.category.LAUNCHER" />
163-->src\main\AndroidManifest.xml:130:17-77
163-->src\main\AndroidManifest.xml:130:27-74
164            </intent-filter>
165            <intent-filter>
165-->src\main\AndroidManifest.xml:132:13-148:29
166                <action android:name="android.intent.action.VIEW" />
166-->src\main\AndroidManifest.xml:133:17-69
166-->src\main\AndroidManifest.xml:133:25-66
167
168                <category android:name="android.intent.category.DEFAULT" />
168-->src\main\AndroidManifest.xml:135:17-76
168-->src\main\AndroidManifest.xml:135:27-73
169                <category android:name="android.intent.category.BROWSABLE" />
169-->src\main\AndroidManifest.xml:136:17-78
169-->src\main\AndroidManifest.xml:136:27-75
170
171                <data
171-->src\main\AndroidManifest.xml:138:17-140:45
172                    android:host="https://www.ibtindia.com"
172-->src\main\AndroidManifest.xml:139:21-60
173                    android:scheme="http" />
173-->src\main\AndroidManifest.xml:140:21-42
174                <data
174-->src\main\AndroidManifest.xml:138:17-140:45
175                    android:host="https://www.ibtindia.com"
175-->src\main\AndroidManifest.xml:139:21-60
176                    android:scheme="https" />
176-->src\main\AndroidManifest.xml:140:21-42
177                <data
177-->src\main\AndroidManifest.xml:138:17-140:45
178                    android:host="utkarshnew.page.link"
178-->src\main\AndroidManifest.xml:139:21-60
179                    android:pathPattern=".*"
179-->src\main\AndroidManifest.xml:146:21-45
180                    android:scheme="https" />
180-->src\main\AndroidManifest.xml:140:21-42
181            </intent-filter>
182        </activity>
183
184        <meta-data
184-->src\main\AndroidManifest.xml:151:9-153:160
185            android:name="fr.maxcom.libmedia.apiKey"
185-->src\main\AndroidManifest.xml:152:13-53
186            android:value="IlX1RejlHHObOLiBQ2NYVpYNWBB5gar78Tspqy1PA1JSSlAdXscBFmRxAmbZz2A9lDFcsi4K2PN0GQfwOlgKwmLZm7gAAAAA2w20tc0WsvrKEbH13RX3+tYGq/TRBg==" />
186-->src\main\AndroidManifest.xml:153:13-157
187
188        <activity
188-->src\main\AndroidManifest.xml:155:9-159:76
189            android:name="com.utkarshnew.android.courses.Activity.Concept_newActivity"
189-->src\main\AndroidManifest.xml:156:13-65
190            android:configChanges="keyboardHidden|orientation|screenSize"
190-->src\main\AndroidManifest.xml:157:13-74
191            android:exported="false"
191-->src\main\AndroidManifest.xml:158:13-37
192            android:windowSoftInputMode="adjustResize|stateAlwaysHidden" />
192-->src\main\AndroidManifest.xml:159:13-73
193
194        <meta-data
194-->src\main\AndroidManifest.xml:162:9-164:36
195            android:name="firebase_crashlytics_collection_enabled"
195-->src\main\AndroidManifest.xml:163:13-67
196            android:value="true" />
196-->src\main\AndroidManifest.xml:164:13-33
197
198        <provider
199            android:name="androidx.core.content.FileProvider"
199-->src\main\AndroidManifest.xml:167:13-62
200            android:authorities="com.utkarshnew.android.provider"
200-->src\main\AndroidManifest.xml:168:13-60
201            android:exported="false"
201-->src\main\AndroidManifest.xml:169:13-37
202            android:grantUriPermissions="true" >
202-->src\main\AndroidManifest.xml:170:13-47
203            <meta-data
203-->src\main\AndroidManifest.xml:171:13-173:58
204                android:name="android.support.FILE_PROVIDER_PATHS"
204-->src\main\AndroidManifest.xml:172:17-67
205                android:resource="@xml/provider_paths" />
205-->src\main\AndroidManifest.xml:173:17-55
206        </provider>
207
208        <service android:name="com.utkarshnew.android.Utils.TestService" />
208-->src\main\AndroidManifest.xml:176:9-54
208-->src\main\AndroidManifest.xml:176:18-51
209
210        <activity
210-->src\main\AndroidManifest.xml:178:9-184:59
211            android:name="com.utkarshnew.android.purchasehistory.PurchaseHistory"
211-->src\main\AndroidManifest.xml:179:13-60
212            android:alwaysRetainTaskState="true"
212-->src\main\AndroidManifest.xml:180:13-49
213            android:configChanges="keyboard|keyboardHidden|screenLayout|screenSize|orientation"
213-->src\main\AndroidManifest.xml:181:13-96
214            android:exported="false"
214-->src\main\AndroidManifest.xml:182:13-37
215            android:screenOrientation="portrait"
215-->src\main\AndroidManifest.xml:183:13-49
216            android:windowSoftInputMode="adjustNothing" />
216-->src\main\AndroidManifest.xml:184:13-56
217        <activity
217-->src\main\AndroidManifest.xml:185:9-190:60
218            android:name="com.theartofdev.edmodo.cropper.CropImageActivity"
218-->src\main\AndroidManifest.xml:186:13-76
219            android:alwaysRetainTaskState="true"
219-->src\main\AndroidManifest.xml:187:13-49
220            android:exported="false"
220-->src\main\AndroidManifest.xml:188:13-37
221            android:screenOrientation="portrait"
221-->src\main\AndroidManifest.xml:189:13-49
222            android:theme="@style/Theme.AppCompat.Light" />
222-->src\main\AndroidManifest.xml:190:13-57
223        <!--
224 <activity
225            android:alwaysRetainTaskState="true"
226            android:name="com.utkarsh.android.Login.Activity.SplashScreen"
227            android:launchMode="singleTask"
228            android:screenOrientation="portrait"
229            tools:ignore="LockedOrientationActivity">
230            <intent-filter>
231                <action android:name="android.intent.action.MAIN" />
232
233                <category android:name="android.intent.category.LAUNCHER" />
234            </intent-filter>
235        </activity>
236        -->
237        <meta-data
237-->src\main\AndroidManifest.xml:205:9-207:55
238            android:name="com.facebook.sdk.ApplicationId"
238-->src\main\AndroidManifest.xml:206:13-58
239            android:value="@string/facebook_app_id" />
239-->src\main\AndroidManifest.xml:207:13-52
240
241        <activity
241-->src\main\AndroidManifest.xml:209:9-213:52
242            android:name="com.utkarshnew.android.home.Activity.LibrariesUsedActivity"
242-->src\main\AndroidManifest.xml:210:13-64
243            android:alwaysRetainTaskState="true"
243-->src\main\AndroidManifest.xml:211:13-49
244            android:exported="false"
244-->src\main\AndroidManifest.xml:212:13-37
245            android:screenOrientation="portrait" />
245-->src\main\AndroidManifest.xml:213:13-49
246        <activity
246-->src\main\AndroidManifest.xml:214:9-218:52
247            android:name="com.utkarshnew.android.home.Activity.SettingsActivity"
247-->src\main\AndroidManifest.xml:215:13-59
248            android:alwaysRetainTaskState="true"
248-->src\main\AndroidManifest.xml:216:13-49
249            android:exported="false"
249-->src\main\AndroidManifest.xml:217:13-37
250            android:screenOrientation="portrait" />
250-->src\main\AndroidManifest.xml:218:13-49
251        <activity
251-->src\main\AndroidManifest.xml:219:9-223:52
252            android:name="com.utkarshnew.android.home.Activity.ChatBotActvity"
252-->src\main\AndroidManifest.xml:220:13-57
253            android:alwaysRetainTaskState="true"
253-->src\main\AndroidManifest.xml:221:13-49
254            android:exported="true"
254-->src\main\AndroidManifest.xml:222:13-36
255            android:screenOrientation="portrait" />
255-->src\main\AndroidManifest.xml:223:13-49
256        <activity
256-->src\main\AndroidManifest.xml:224:9-230:56
257            android:name="com.utkarshnew.android.home.Activity.HomeActivity"
257-->src\main\AndroidManifest.xml:225:13-55
258            android:alwaysRetainTaskState="true"
258-->src\main\AndroidManifest.xml:226:13-49
259            android:exported="false"
259-->src\main\AndroidManifest.xml:227:13-37
260            android:screenOrientation="portrait"
260-->src\main\AndroidManifest.xml:228:13-49
261            android:windowSoftInputMode="adjustResize|stateAlwaysHidden" />
261-->src\main\AndroidManifest.xml:229:13-73
262        <activity
262-->src\main\AndroidManifest.xml:231:9-236:56
263            android:name="com.utkarshnew.android.Login.Activity.LoginCatActivity"
263-->src\main\AndroidManifest.xml:232:13-60
264            android:exported="false"
264-->src\main\AndroidManifest.xml:233:13-37
265            android:screenOrientation="portrait"
265-->src\main\AndroidManifest.xml:234:13-49
266            android:windowSoftInputMode="adjustResize|stateAlwaysHidden" />
266-->src\main\AndroidManifest.xml:235:13-73
267        <activity
267-->src\main\AndroidManifest.xml:237:9-243:56
268            android:name="com.utkarshnew.android.Login.Activity.SignInActivity"
268-->src\main\AndroidManifest.xml:238:13-58
269            android:exported="false"
269-->src\main\AndroidManifest.xml:239:13-37
270            android:screenOrientation="portrait"
270-->src\main\AndroidManifest.xml:240:13-49
271            android:theme="@style/customThemeForSigninActivity"
271-->src\main\AndroidManifest.xml:241:13-64
272            android:windowSoftInputMode="adjustResize|stateAlwaysHidden" />
272-->src\main\AndroidManifest.xml:242:13-73
273        <activity
273-->src\main\AndroidManifest.xml:244:9-250:56
274            android:name="com.utkarshnew.android.courses.Activity.CourseActivity"
274-->src\main\AndroidManifest.xml:245:13-60
275            android:alwaysRetainTaskState="true"
275-->src\main\AndroidManifest.xml:246:13-49
276            android:exported="false"
276-->src\main\AndroidManifest.xml:247:13-37
277            android:screenOrientation="portrait"
277-->src\main\AndroidManifest.xml:248:13-49
278            android:windowSoftInputMode="adjustResize|stateAlwaysHidden" />
278-->src\main\AndroidManifest.xml:249:13-73
279        <activity
279-->src\main\AndroidManifest.xml:251:9-258:56
280            android:name="com.utkarshnew.android.courses.Activity.QuizActivity"
280-->src\main\AndroidManifest.xml:252:13-58
281            android:alwaysRetainTaskState="true"
281-->src\main\AndroidManifest.xml:253:13-49
282            android:exported="false"
282-->src\main\AndroidManifest.xml:255:13-37
283            android:screenOrientation="portrait"
283-->src\main\AndroidManifest.xml:256:13-49
284            android:windowSoftInputMode="adjustResize|stateAlwaysHidden" />
284-->src\main\AndroidManifest.xml:257:13-73
285        <activity
285-->src\main\AndroidManifest.xml:259:9-265:56
286            android:name="com.utkarshnew.android.courses.Activity.SearchActivity"
286-->src\main\AndroidManifest.xml:260:13-60
287            android:alwaysRetainTaskState="true"
287-->src\main\AndroidManifest.xml:261:13-49
288            android:exported="false"
288-->src\main\AndroidManifest.xml:262:13-37
289            android:screenOrientation="portrait"
289-->src\main\AndroidManifest.xml:263:13-49
290            android:windowSoftInputMode="adjustResize|stateAlwaysHidden" />
290-->src\main\AndroidManifest.xml:264:13-73
291        <activity
291-->src\main\AndroidManifest.xml:266:9-270:52
292            android:name="com.utkarshnew.android.home.Activity.MyLibraryActivty"
292-->src\main\AndroidManifest.xml:267:13-59
293            android:alwaysRetainTaskState="true"